         w __deregister_frame_info
         w __register_frame_info
         w userAppExit
         w userAppInit
00000000 00000802 B __ctru_dev_utf16_buf
00000000 A __sync_synchronize
00000000 b _TLS_MODULE_BASE_
00000000 a shift
00000000 a shift
00000804 00000401 B __ctru_dev_path_buf
00100000 A __start__
00100000 T _start
00100008 T __service_ptr
0010000c T __apt_appid
00100010 T __heap_size
00100014 T __linear_heap_size
00100018 T __system_arglist
0010001c T __system_runflags
00100020 t startup
00100058 t ClearMem
0010006c t ClrLoop
00100094 T _init
001000ac t .udivsi3_skip_div0_test
001000ac T __aeabi_uidiv
001000ac 000001ec T __udivsi3
00100298 00000020 T __aeabi_uidivmod
001002b8 T __aeabi_idiv
001002b8 00000220 T __divsi3
001002c0 t .divsi3_skip_div0_test
001004d8 00000020 T __aeabi_idivmod
001004f8 00000004 W __aeabi_idiv0
001004f8 00000004 W __aeabi_ldiv0
001004fc T __aeabi_ldivmod
001005d0 T __aeabi_uldivmod
00100628 00000390 T strcmp
001009b0 t __do_global_dtors_aux
00100a00 t frame_dummy
00100a30 0000040c T main
00100e3c 00000024 t addrMapNodeComparator(rbtree_node const*, rbtree_node const*)
00100e60 00000004 t addrMapNodeDestructor(rbtree_node*)
00100e64 0000012c T linearMemAlign
00100f90 00000008 T linearAlloc
00100f98 0000005c T linearFree
00100ff4 00000088 T MemPool::CoalesceRight(MemBlock*)
0010107c 00000178 T MemPool::Allocate(MemChunk&, unsigned long, int)
001011f4 00000118 T MemPool::Deallocate(MemChunk const&)
0010130c 00000030 T MemPool::GetFreeSpace()
0010133c 000001c8 T consoleDrawChar
00101504 00000170 T consolePrintChar
00101674 00000cc8 T con_write
0010233c 000000fc t newRow
00102438 00000180 T consoleInit
001025b8 000000cc t gfxPresentFramebuffer
00102684 0000001c T gfxIsWide
001026a0 000000f8 T gfxSetScreenFormat
00102798 00000010 T gfxSetDoubleBuffering
001027a8 000000d8 T gfxInit
00102880 00000010 T gfxInitDefault
00102890 000000b8 T gfxExit
00102948 000000a0 T gfxGetFramebuffer
001029e8 00000100 T gfxFlushBuffers
00102ae8 00000050 T gfxSwapBuffers
00102b38 00000050 T gfxSwapBuffersGpu
00102b88 00000074 T osConvertVirtToPhys
00102bfc 00000054 T osGetTimeRef
00102c50 000000ec T osGetTime
00102d3c 00000034 T __ctru_speedup_config
00102d70 00000158 t ndspUpdateMaster
00102ec8 00000108 t ndspFinalize
00102fd0 0000025c t ndspInitialize.part.0
0010322c 00000108 t ndspHookCallback
00103338 00000318 t ndspThreadMain
00103650 000003f0 T ndspInit
00103a40 000000d8 T ndspExit
00103b18 000000e0 T ndspChnReset
00103bf8 00000018 T ndspChnSetFormat
00103c10 00000050 T ndspChnSetInterp
00103c60 00000060 T ndspChnSetRate
00103cc0 000000c8 T ndspChnWaveBufAdd
00103d88 00000040 T ndspiInitChn
00103dc8 0000002c T ndspiDirtyChn
00103df4 0000043c T ndspiUpdateChn
00104230 00000180 T ndspiReadChnState
001043b0 00000180 t aptConvertScreenForCapture
00104530 00000138 T aptSendCommand
00104668 00000044 t aptExitProcess
001046ac 00000394 T aptExit
00104a40 000000d8 T aptHandleSleep
00104b18 00000084 T APT_SleepIfShellClosed
00104b9c 00000078 T aptSetSleepAllowed
00104c14 00000084 T APT_UnlockTransition
00104c98 00000470 t aptEventHandler
00105108 000000bc T APT_ReceiveParameter
001051c4 000000b0 t aptReceiveParameter.constprop.0
00105278 00000294 t aptScreenTransfer
0010550c 000002d0 t aptWaitForWakeUp.isra.0
001057dc 000000f4 T aptJumpToHomeMenu
001058d0 00000058 T aptMainLoop
00105928 00000240 T aptInit
00105b68 00000090 T APT_CheckNew3DS
00105bf8 000000a8 T cfguInit
00105ca0 0000003c T cfguExit
00105cdc 0000004c T CFGU_GetConfigInfoBlk2
00105d28 000000a4 t DSP_LoadComponent.part.0
00105dcc 000000fc T dspInit
00105ec8 0000008c T dspExit
00105f54 00000024 T dspHook
00105f78 00000030 T dspUnhook
00105fa8 000000b4 T aptDspSleep
0010605c 000000b4 T aptDspWakeup
00106110 00000044 T aptDspCancel
00106154 00000050 T DSP_FlushDataCache
001061a4 00000050 T DSP_InvalidateDataCache
001061f4 00000034 T DSP_SetSemaphore
00106228 00000034 T DSP_SetSemaphoreMask
0010625c 00000038 T DSP_GetSemaphoreHandle
00106294 0000003c T DSP_LoadComponent
001062d0 00000044 T DSP_RegisterInterruptEvents
00106314 00000078 T DSP_ReadPipeIfPossible
0010638c 0000004c T DSP_WriteProcessPipe
001063d8 00000044 T DSP_ConvertProcessAddressFromDspDram
0010641c 00000044 T DSP_RecvData
00106460 00000050 T DSP_RecvDataIsReady
001064b0 00000104 T fsInit
001065b4 0000003c T fsExit
001065f0 00000068 T fsExemptFromSession
00106658 00000050 T fsUnexemptFromSession
001066a8 000000cc T FSUSER_OpenFile
00106774 000000cc T FSUSER_OpenFileDirectly
00106840 000000b8 T FSUSER_DeleteFile
001068f8 000000f4 T FSUSER_RenameFile
001069ec 000000b8 T FSUSER_DeleteDirectory
00106aa4 000000d0 T FSUSER_CreateFile
00106b74 000000c0 T FSUSER_CreateDirectory
00106c34 000000f4 T FSUSER_RenameDirectory
00106d28 000000b4 T FSUSER_OpenDirectory
00106ddc 00000090 T FSUSER_OpenArchive
00106e6c 0000008c T FSUSER_CloseArchive
00106ef8 00000074 T FSUSER_GetSdmcArchiveResource
00106f6c 00000064 T FSUSER_IsSdmcWritable
00106fd0 00000064 T FSFILE_Read
00107034 0000006c T FSFILE_Write
001070a0 00000044 T FSFILE_GetSize
001070e4 00000028 T FSFILE_SetSize
0010710c 0000003c T FSFILE_Close
00107148 00000024 T FSFILE_Flush
0010716c 00000060 T FSDIR_Read
001071cc 0000003c T FSDIR_Close
00107208 00000c70 t gspHardwareInit
00107e78 00000288 T gspInit
00108100 00000104 T gspExit
00108204 00000010 T gspHasGpuRight
00108214 000000a4 T gspPresentBuffer
001082b8 00000050 T gspWaitForEvent
00108308 00000004 W gxCmdQueueInterrupt
0010830c 00000154 t gspEventThreadMain
00108460 00000050 T GSPGPU_FlushDataCache
001084b0 00000034 T GSPGPU_SetLcdForceBlack
001084e4 00000084 T GSPGPU_AcquireRight
00108568 00000064 T GSPGPU_ReleaseRight
001085cc 0000007c T GSPGPU_ImportDisplayCaptureInfo
00108648 0000002c T GSPGPU_SaveVramSysArea
00108674 0000002c T GSPGPU_RestoreVramSysArea
001086a0 00000024 W hidShouldUseIrrst
001086c4 000001cc T hidInit
00108890 000000e8 T hidExit
00108978 000002a0 T hidScanInput
00108c18 00000010 T hidKeysDown
00108c28 00000010 T hidKeysUp
00108c38 000001a4 T irrstInit
00108ddc 000000dc T irrstExit
00108eb8 000000b4 T irrstScanInput
00108f6c 00000024 T irrstKeysHeld
00108f90 00000104 T micExit
00109094 00000138 T micInit
001091cc 00000048 T MICU_StartSampling
00109214 0000002c T MICU_StopSampling
00109240 00000034 T MICU_SetPower
00109274 00000078 T ptmSysmInit
001092ec 0000003c T ptmSysmExit
00109328 00000034 T PTMSYSM_ConfigureNew3DSCPU
0010935c 00000074 T rbtree_find
001093d0 00000010 T rbtree_init
001093e0 00000198 t do_insert
00109578 00000008 T rbtree_insert
00109580 00000310 T rbtree_remove
00109890 00000090 T rbtree_rotate
00109920 000001e8 W __system_allocateHeaps
00109b08 00000038 W __libctru_init
00109b40 0000016c W __system_initArgv
00109cac 00000030 T __syscall_getreent
00109cdc 00000004 T __syscall_lock_acquire
00109ce0 00000004 T __syscall_lock_release
00109ce4 00000004 T __syscall_lock_acquire_recursive
00109ce8 00000004 T __syscall_lock_release_recursive
00109cec 00000004 T __syscall_exit
00109cf0 00000054 T initThreadVars
00109d44 00000080 T __system_initSyscalls
00109dc4 T svcControlMemory
00109de4 T svcQueryMemory
00109e14 T svcExitProcess
00109e1c T svcCreateThread
00109e3c T svcExitThread
00109e44 T svcSleepThread
00109e4c T svcReleaseMutex
00109e54 T svcCreateEvent
00109e68 T svcSignalEvent
00109e70 T svcClearEvent
00109e78 T svcCreateMemoryBlock
00109e90 T svcMapMemoryBlock
00109e98 T svcUnmapMemoryBlock
00109ea0 T svcCreateAddressArbiter
00109eb4 T svcArbitrateAddressNoTimeout
00109ebc T svcCloseHandle
00109ec4 T svcWaitSynchronization
00109ecc T svcWaitSynchronizationN
00109ef4 T svcDuplicateHandle
00109f08 T svcGetSystemTick
00109f10 T svcConnectToPort
00109f24 T svcSendSyncRequest
00109f2c T svcGetResourceLimit
00109f40 T svcGetResourceLimitLimitValues
00109f48 T svcGetResourceLimitCurrentValues
00109f50 T svcBreak
00109f58 W initSystem
00109fa8 W __ctru_exit
00109fbc 00000024 t addrMapNodeComparator(rbtree_node const*, rbtree_node const*)
00109fe0 00000004 t addrMapNodeDestructor(rbtree_node*)
00109fe4 00000248 T vramMemAlignAt
0010a22c 0000000c T vramAlloc
0010a238 00000094 T vramFree
0010a2cc 0000008c W envGetHandle
0010a358 00000050 W envDestroyHandles
0010a3a8 00000164 T srvInit
0010a50c 00000064 T srvExit
0010a570 00000060 T srvEnableNotification
0010a5d0 000000a0 T srvGetServiceHandleDirect
0010a670 00000048 T srvGetServiceHandle
0010a6b8 00000034 T srvSubscribe
0010a6ec 00000060 T srvReceiveNotification
0010a74c 00000038 T srvPublishToSubscriber
0010a784 0000000c T __sync_init
0010a790 00000018 T __sync_fini
0010a7a8 00000028 T syncArbitrateAddress
0010a7d0 0000001c T LightLock_Init
0010a7ec 000000ac T LightLock_Lock
0010a898 00000040 T LightLock_Unlock
0010a8d8 00000054 T RecursiveLock_Lock
0010a92c 00000054 T RecursiveLock_Unlock
0010a980 00000044 T LightEvent_Init
0010a9c4 000000b8 T LightEvent_Clear
0010aa7c 000000dc T LightEvent_Signal
0010ab58 00000050 T LightEvent_TryWait
0010aba8 000000ac T LightEvent_Wait
0010ac54 000001fc T threadCreate
0010ae50 00000038 T threadFree
0010ae88 00000024 T threadJoin
0010aeac 00000030 T threadGetCurrent
0010aedc 00000040 T threadExit
0010af1c 00000020 t _thread_begin
0010af3c 00000090 t mappableFindAddressWithin
0010afcc 00000028 T mappableInit
0010aff4 0000007c T mappableAlloc
0010b070 00000004 T mappableFree
0010b074 0000000c T srvPmGetSessionHandle
0010b080 00000060 T rbtree_node_next
0010b0e0 00000030 W __appExit
0010b110 00000030 W __appInit
0010b140 00000090 W __libctru_exit
0010b1d0 00000024 t error_cmp
0010b1f4 00000050 t archive_translate_error
0010b244 000000c0 t archive_seek
0010b304 00000078 t _archiveInit.part.0
0010b37c 00000110 t archiveFindDevice.part.0
0010b48c 00000298 t archive_utf16path
0010b724 00000098 t _archiveUnmountDeviceStruct.part.0
0010b7bc 00000178 t _archiveMountDevice
0010b934 000000f8 t archive_diropen
0010ba2c 000000ac t archive_fstat
0010bad8 00000074 t archive_fsync
0010bb4c 00000074 t archive_close
0010bbc0 00000078 t archive_dirclose
0010bc38 000000ec t sdmc_statvfs
0010bd24 000000f8 t archive_chdir
0010be1c 0000008c t archive_ftruncate
0010bea8 000000bc t archive_read
0010bf64 000000a8 t archive_unlink
0010c00c 000000c0 t archive_rmdir
0010c0cc 000000d8 t archive_mkdir
0010c1a4 000001a0 t archive_stat
0010c344 00000164 t archive_dirnext
0010c4a8 0000013c t archive_write
0010c5e8 00000254 t archive_open
0010c83c 00000270 t archive_rename
0010caac 000001c8 T archiveMountSdmc
0010cc74 00000054 T archiveUnmountAll
0010ccc8 00000140 T decode_utf8
0010ce08 000000e8 T utf16_to_utf8
0010cef0 000000c0 T utf8_to_utf16
0010cfb0 T __aeabi_read_tp
0010cfbc 00000054 T decode_utf16
0010d010 00000054 T encode_utf16
0010d064 000000e0 T encode_utf8
0010d144 00000130 T __udivmoddi4
0010d274 000000e4 T strncat
0010d358 00000128 T memcpy
0010d480 0000008c T strlen
0010d50c 00000078 T bsearch
0010d584 00000028 T memalign
0010d5ac 00000034 T printf
0010d5e0 000001ec t _strtoul_l.isra.0
0010d7cc 0000003c T strtoul
0010d808 0000016c T _memalign_r
0010d974 0000000c T __errno
0010d980 000000e4 T memset
0010da64 0000022c T __sflush_r
0010dc90 000000c4 T _fflush_r
0010dd54 0000082c T _malloc_r
0010e580 00000114 T _malloc_trim_r
0010e694 00000314 T _free_r
0010e9a8 00000294 T setvbuf
0010ec3c 0000001c t stdio_exit_handler
0010ec58 0000005c t cleanup_stdio
0010ecb4 00000154 t global_stdio_init.part.0
0010ee08 0000005c T __sinit
0010ee64 0000000c T __sfp_lock_acquire
0010ee70 0000000c T __sfp_lock_release
0010ee7c 00000084 T __libc_init_array
0010ef00 000000d4 T strncpy
0010efd4 00000040 T malloc
0010f014 00000020 T free
0010f034 000000e0 T _puts_r
0010f114 00000020 T puts
0010f134 00000044 T __sread
0010f178 00000068 T __swrite
0010f1e0 00000040 T __sseek
0010f220 00000008 T __sclose
0010f228 0000000c T __malloc_lock
0010f234 0000000c T __malloc_unlock
0010f240 00000148 T _fclose_r
0010f388 00000004 W __call_exitprocs
0010f38c 00000030 T exit
0010f3bc 0000003c T __libc_fini_array
0010f3f8 0000003c T strnlen
0010f434 000000d8 T strncmp
0010f50c 00000070 T _fwalk_sglue
0010f57c 000005e0 t get_arg
0010fb60 00003554 T _vfprintf_r
001130b4 000000b4 t __sbprintf
00113168 000000a0 T _wcrtomb_r
00113208 000004a4 T __sfvwrite_r
001136ac 00000164 T __smakebuf_r
00113810 00000090 T __swhatbuf_r
001138a0 00000024 T __locale_mb_cur_max
001138c4 00000030 T __sprint_r
001138f4 000001c0 t quorem
00113ab8 00001420 T _dtoa_r
00114ed8 000000e8 T memchr
00114fc0 00000028 T _wcsrtombs_r
00114fe8 00000140 T __swsetup_r
00115128 00000024 T _localeconv_r
0011514c 000001a8 T memmove
001152f4 000004f0 T _realloc_r
001157e4 000000f8 T __utf8_wctomb
001158dc 0000015c T _wcsnrtombs_l
00115a38 00000064 T _wcsnrtombs_r
00115aa0 00000088 T frexp
00115b28 0000005c T __assert_func
00115b84 00000088 T _Balloc
00115c0c 0000001c T _Bfree
00115c28 000000f4 T __multadd
00115d1c 00000080 T __hi0bits
00115d9c 000000f0 T __lo0bits
00115e8c 000000a4 T __i2b
00115f30 00000230 T __multiply
00116160 00000130 T __pow5mult
00116290 00000138 T __lshift
001163c8 00000058 T __mcmp
00116420 00000218 T __mdiff
00116638 00000120 T __d2b
00116758 00000340 T __utf8_mbtowc
00116a98 0000003c T fiprintf
00116ad4 00000140 T strchr
00116c14 00000014 T abort
00116c28 000000d8 T _calloc_r
00116d00 000005e0 t get_arg
001172e0 000022f8 T _vfiprintf_r
001195d8 000000b4 t __sbprintf
0011968c 0000009c T _raise_r
00119728 00000020 T raise
00119748 00000020 T _exit
00119768 00000140 T chdir
001198a8 000001c8 T _concatenate_path
00119a70 0000009c T _fstat_r
00119b0c 00000014 T _getpid_r
00119b20 0000002c T __getreent
00119b4c 00000058 T __get_handle
00119ba4 00000110 T _close_r
00119cb4 00000008 t null_write
00119cbc 00000018 T setDefaultDevice
00119cd4 00000098 T FindDevice
00119d6c 00000024 T RemoveDevice
00119d90 00000088 T AddDevice
00119e18 00000020 T GetDeviceOpTab
00119e38 00000008 T _isatty_r
00119e40 00000014 T _kill_r
00119e54 00000094 T _lseek_r
00119ee8 00000094 T _read_r
00119f7c 00000078 W _sbrk_r
00119ff4 0000001c T __libc_lock_acquire
0011a010 0000001c T __libc_lock_release
0011a02c 0000001c T __libc_lock_acquire_recursive
0011a048 0000001c T __libc_lock_release_recursive
0011a064 00000094 T _write_r
0011a0f8 00000048 T strrchr
0011a140 T _fini
0011b214 r .LC2
0011b598 00000080 r dotab_stdout
0011b618 00000018 r grayScale
0011b630 00000006 r colorCube
0011b638 00000030 r colorTable
0011b668 00000011 r dsp_filename.0
0011b698 00000008 r morton_y.2
0011b6a0 00000008 r morton_x.3
0011b6a8 00000008 r s_sleepWakeEvents.4
0011b6b0 0000000c r serviceNameTable.5
0011b6bc R default_font_bin
0011bebc R default_font_bin_end
0011bebc 00000030 r error_table
0011beec 00000080 r archive_devoptab
0011bf6c 00000101 R _ctype_
0011c194 00000010 r zeroes.0
0011c1a4 00000010 r blanks.1
0011c1b4 0000006c R __action_table
0011c220 0000006c R __state_table
0011c28c 00000100 R __chclass
0011c394 0000000c r p05.0
0011c3a0 00000028 R __mprec_bigtens
0011c3c8 000000c8 R __mprec_tens
0011c57c 00000010 r zeroes.0
0011c58c 00000010 r blanks.1
0011c59c 00000080 R dotab_stdnull
0011c61c R __tdata_align
0011c620 r __EH_FRAME_BEGIN__
0011c620 R __exidx_end
0011c620 R __exidx_start
0011d000 00000001 d firstConsoleInit.0
0011d004 00000004 D currentConsole
0011d008 00000048 D defaultConsole
0011d050 00000004 d aptChainloadDeliverArgSize
0011d054 00000004 d kCount
0011d058 00000004 d kInterval
0011d05c 00000004 d kDelay
0011d060 W __stacksize__
0011d064 00000004 D _impure_ptr
0011d068 00000200 D _impure_data
0011d268 00000004 D __malloc_sbrk_base
0011d26c 00000004 D __malloc_trim_threshold
0011d270 00000408 D __malloc_av_
0011d678 0000000c D __sglue
0011d684 00000254 D __global_locale
0011d8d8 00000400 d _current_working_directory
0011dcd8 00001000 d handles
0011ecd8 0000000c d __stderr_handle
0011ece4 0000000c d __stdout_handle
0011ecf0 0000000c d __stdin_handle
0011ecfc 0000008c D devoptab_list
0011ed88 00000004 d defaultDevice
0011ed94 d _GLOBAL_OFFSET_TABLE_
0011eda0 d __frame_dummy_init_array_entry
0011eda0 D __init_array_start
0011eda0 B __preinit_array_end
0011eda0 B __preinit_array_start
0011eda0 D __tdata_lma
0011eda0 D __tdata_lma_end
0011eda4 d __do_global_dtors_aux_fini_array_entry
0011eda4 D __fini_array_start
0011eda4 D __init_array_end
0011eda8 D __bss_start__
0011eda8 D __fini_array_end
0011eda8 b completed.1
0011edac b object.0
0011edc8 00000008 b sLinearPool
0011edd0 0000000c b sAddrMap
0011eddc 00000064 b escapeSeq
0011ee40 00000048 B currentCopy
0011ee88 00000004 b screenAlloc
0011ee8c 00000004 b screenFree
0011ee90 00000002 b gfxIsDoubleBuf
0011ee94 00000002 b gfxCurBuf
0011ee96 00000001 b gfxIsVram
0011ee97 00000001 b gfxTopMode
0011ee98 00000002 b gfxFramebufferFormats
0011ee9c 00000004 b gfxBottomFramebufferMaxSize
0011eea0 00000004 b gfxTopFramebufferMaxSize
0011eea8 00000008 b gfxBottomFramebuffers
0011eeb0 00000008 b gfxTopFramebuffers
0011eeb8 00000001 V __ctru_speedup
0011eebc 00000004 b ndspRefCount
0011eec0 00000048 b ndspMaster
0011ef08 00000004 b ndspThread
0011ef0c 00000001 b ndspThreadRun
0011ef10 00001080 b dspVar5Backup
0011ff90 00000004 b ndspMutex
0011ff94 00000008 b sleepEvent
0011ff9c 00000004 b dspSem
0011ffa0 00000004 b irqEvent
0011ffa4 00000008 b ndspHookCookie
0011ffac 00000001 b componentFree
0011ffae 00000002 b componentDataMask
0011ffb0 00000002 b componentProgMask
0011ffb4 00000004 b componentSize
0011ffb8 00000004 b componentBin
0011ffbc 00000004 b frameCount
0011ffc0 00000004 b droppedFrames
0011ffc4 00000001 b bCancelReceived
0011ffc5 00000001 b bSleeping
0011ffc6 00000001 b bEnteringSleep
0011ffc7 00000001 b bDspReady
0011ffc8 00000080 B ndspVars
00120048 00000002 B ndspBufferId
0012004a 00000002 B ndspBufferCurId
0012004c 00000002 B ndspFrameId
00120050 00000c60 b ndspChn
00120cb0 00000001 b flagValue.0
00120cb1 00000001 b flagInit.1
00120cb4 00000004 b serviceName.6
00120cb8 00000001 b aptChainloadFlags
00120cb9 00000001 b aptChainloadMediatype
00120cbc 00000020 b aptChainloadHmac
00120cdc 00000300 b aptChainloadDeliverArg
00120fe0 00000008 b aptChainloadTid
00120fe8 00001000 b aptParameters
00121fe8 00000004 b aptFlags
00121fec 00000001 b aptHomeButtonState
00121ff0 00000004 b aptMessageFuncData
00121ff4 00000004 b aptMessageFunc
00121ff8 0000000c b aptFirstHook
00122004 00000001 b aptEventHandlerThreadQuit
00122008 00000004 b aptEventHandlerThread
0012200c 00000008 b aptSleepEvent
00122014 00000008 b aptReceiveEvent
0012201c 00000008 b aptEvents
00122024 00000004 b aptLockHandle
00122028 00000004 b aptRefCount
0012202c 00000004 b cfguRefCount
00122030 00000004 b cfguHandle
00122034 00000002 b dspSavedCompDataMask
00122036 00000002 b dspSavedCompProgMask
00122038 00000004 b dspSavedCompSize
0012203c 00000004 b dspSavedCompBin
00122040 00000001 b dspSleeping
00122041 00000001 b dspComponentLoaded
00122044 00000008 b dspFirstHook
0012204c 00000004 b dspRefCount
00122050 00000004 b dspHandle
00122058 00000080 b fsExemptArchives
001220d8 00000004 b fsuRefCount
001220dc 00000004 b fsuHandle
001220e0 00000007 b gspEventCbOneShot
001220e8 0000001c b gspEventCbData
00122104 0000001c b gspEventCb
00122120 00000038 b gspEvents
00122158 00000004 b gspLastEvent
0012215c 00000001 b gspRunEvents
00122160 00000004 b gspEventThread
00122164 00000004 b gspEvent
00122168 00000001 b gspGpuRight
00122169 00000001 b gspThreadId
0012216c 00000004 b gspSharedMem
00122170 00000004 b gspSharedMemHandle
00122174 00000004 b gspRefCount
00122178 00000004 b gspGpuHandle
0012217c 00000001 b usingIrrst
00122180 00000004 b hidRefCount
00122184 00000006 b gRate
0012218c 00000006 b aVec
00122194 00000004 b cPos
00122198 00000004 b tPos
0012219c 00000004 b kRepeat
001221a0 00000004 b kUp
001221a4 00000004 b kDown
001221a8 00000004 b kHeld
001221ac 00000004 b kOld
001221b0 00000004 B hidSharedMem
001221b4 00000014 B hidEvents
001221c8 00000004 B hidMemHandle
001221cc 00000004 B hidHandle
001221d0 00000004 b irrstRefCount
001221d4 00000004 b csPos
001221d8 00000004 b kHeld
001221dc 00000004 B irrstSharedMem
001221e0 00000004 B irrstEvent
001221e4 00000004 B irrstMemHandle
001221e8 00000004 B irrstHandle
001221ec 00000004 b micSharedMemHandle
001221f0 00000004 b micSharedMemSize
001221f4 00000004 b micSharedMem
001221f8 00000004 b micRefCount
001221fc 00000004 b micHandle
00122200 00000004 b ptmSysmRefCount
00122204 00000004 b ptmSysmHandle
00122208 00000004 V __ctru_linear_heap_size
0012220c 00000004 V __ctru_heap_size
00122210 00000004 B __ctru_linear_heap
00122214 00000004 B __ctru_heap
00122218 00000004 B __system_retAddr
0012221c 00000004 B __system_argv
00122220 00000004 B __system_argc
00122224 b saved_stack
00122230 00000008 b sVramPoolB
00122238 00000008 b sVramPoolA
00122240 0000000c b sAddrMap
0012224c 00000004 B __3dslink_host
00122250 00000004 b srvRefCount
00122254 00000004 b srvHandle
00122258 00000004 b arbiter
0012225c 00000004 b currentAddr
00122260 00000004 b maxAddr
00122264 00000004 b minAddr
00122268 00000004 b srvPmHandle
00122270 000005c0 b archive_devices
00122830 00000004 b archive_device_cwd
00122834 00000001 b archive_initialized
00122838 00000028 B __malloc_current_mallinfo
00122860 00000004 B __malloc_max_total_mem
00122864 00000004 B __malloc_max_sbrked_mem
00122868 00000004 B __malloc_top_pad
0012286c 0000000c b __sfp_recursive_mutex
00122878 00000168 B __sf
001229e0 00000004 B __stdio_exit_handler
001229e4 0000000c b __malloc_recursive_mutex
001229f0 00000400 b temp_cwd
00122df0 00000004 b __hndl_lock
00122df4 00000004 B fake_heap_start
00122df8 00000004 B fake_heap_end
00122dfc 00000004 b heap_start.0
00122e00 B __tls_start
00123a08 B __bss_end__
00123a08 A __end__
00123a08 B __tls_end
